生成启动时间为 2015/9/4 19:02:08。
     1>项目“D:\UDT\pmf-master-1\VC++\CabelScannerDLL\TestDLL\TestDLL.vcxproj”在节点 2 上(Build 个目标)。
     1>ClCompile:
         C:\Program Files (x86)\Microsoft Visual Studio 12.0\VC\bin\CL.exe /c /ZI /nologo /W3 /WX- /sdl /Od /Oy- /D WIN32 /D _DEBUG /D _WINDOWS /D _UNICODE /D UNICODE /Gm /EHsc /RTC1 /MDd /GS /fp:precise /Zc:wchar_t /Zc:forScope /Fo"Debug\\" /Fd"Debug\vc120.pdb" /Gd /TP /analyze- /errorReport:prompt test.cpp
         test.cpp
     1>d:\udt\pmf-master-1\vc++\cabelscannerdll\testdll\test.cpp(407): warning C4244: “=”: 从“double”转换到“float”，可能丢失数据
     1>d:\udt\pmf-master-1\vc++\cabelscannerdll\testdll\test.cpp(408): warning C4244: “=”: 从“double”转换到“float”，可能丢失数据
     1>d:\udt\pmf-master-1\vc++\cabelscannerdll\testdll\test.cpp(409): warning C4244: “=”: 从“double”转换到“float”，可能丢失数据
       Link:
         C:\Program Files (x86)\Microsoft Visual Studio 12.0\VC\bin\link.exe /ERRORREPORT:PROMPT /OUT:"D:\UDT\pmf-master-1\VC++\CabelScannerDLL\Debug\TestDLL.exe" /INCREMENTAL /NOLOGO kernel32.lib user32.lib gdi32.lib winspool.lib comdlg32.lib advapi32.lib shell32.lib ole32.lib oleaut32.lib uuid.lib odbc32.lib odbccp32.lib /MANIFEST /MANIFESTUAC:"level='asInvoker' uiAccess='false'" /manifest:embed /DEBUG /PDB:"D:\UDT\pmf-master-1\VC++\CabelScannerDLL\Debug\TestDLL.pdb" /SUBSYSTEM:WINDOWS /TLBID:1 /DYNAMICBASE /NXCOMPAT /IMPLIB:"D:\UDT\pmf-master-1\VC++\CabelScannerDLL\Debug\TestDLL.lib" /MACHINE:X86 Debug\test.obj
     1>MSVCRTD.lib(crtexew.obj) : error LNK2019: 无法解析的外部符号 _WinMain@16，该符号在函数 ___tmainCRTStartup 中被引用
     1>D:\UDT\pmf-master-1\VC++\CabelScannerDLL\Debug\TestDLL.exe : fatal error LNK1120: 1 个无法解析的外部命令
     1>已完成生成项目“D:\UDT\pmf-master-1\VC++\CabelScannerDLL\TestDLL\TestDLL.vcxproj”(Build 个目标)的操作 - 失败。

生成失败。

已用时间 00:00:03.85
